0:0:0:0:0:0:0:1 - - [12/七月/2018:01:57:34:183 +0000] "GET /hello HTTP/1.1" 500 2400  5
0:0:0:0:0:0:0:1 - - [12/七月/2018:01:57:36:287 +0000] "GET /hello HTTP/1.1" 500 2784  3
0:0:0:0:0:0:0:1 - - [12/七月/2018:01:57:34:208 +0000] "GET /favicon.ico HTTP/1.1" 502 0  2188
0:0:0:0:0:0:0:1 - - [12/七月/2018:01:57:36:315 +0000] "GET /favicon.ico HTTP/1.1" 502 0  81
0:0:0:0:0:0:0:1 - - [12/七月/2018:01:57:48:924 +0000] "GET /hello HTTP/1.1" 500 2784  3
0:0:0:0:0:0:0:1 - - [12/七月/2018:01:57:48:965 +0000] "GET /favicon.ico HTTP/1.1" 502 0  2007
0:0:0:0:0:0:0:1 - - [12/七月/2018:01:58:17:010 +0000] "GET /hello?name=zx HTTP/1.1" 200 300  14
0:0:0:0:0:0:0:1 - - [12/七月/2018:01:58:17:058 +0000] "GET /favicon.ico HTTP/1.1" 502 0  2018
0:0:0:0:0:0:0:1 - - [12/七月/2018:12:38:51:105 +0000] "GET /?name=zx HTTP/1.1" 502 319  2476
0:0:0:0:0:0:0:1 - - [12/七月/2018:12:38:53:697 +0000] "GET /favicon.ico HTTP/1.1" 502 0  2009
0:0:0:0:0:0:0:1 - - [12/七月/2018:12:39:04:852 +0000] "GET /name=zx HTTP/1.1" 502 326  2006
0:0:0:0:0:0:0:1 - - [12/七月/2018:12:39:06:903 +0000] "GET /favicon.ico HTTP/1.1" 502 0  2005
0:0:0:0:0:0:0:1 - - [12/七月/2018:12:40:15:801 +0000] "GET /name=zx HTTP/1.1" 502 326  2014
0:0:0:0:0:0:0:1 - - [12/七月/2018:12:40:17:875 +0000] "GET /favicon.ico HTTP/1.1" 502 0  2006
0:0:0:0:0:0:0:1 - - [12/七月/2018:12:41:42:189 +0000] "GET /?name=zx HTTP/1.1" 502 319  2008
0:0:0:0:0:0:0:1 - - [12/七月/2018:12:41:44:247 +0000] "GET /favicon.ico HTTP/1.1" 502 0  2013
0:0:0:0:0:0:0:1 - - [12/七月/2018:12:42:03:610 +0000] "GET / HTTP/1.1" 502 319  2008
0:0:0:0:0:0:0:1 - - [12/七月/2018:12:42:05:689 +0000] "GET /favicon.ico HTTP/1.1" 502 0  2005
0:0:0:0:0:0:0:1 - - [12/七月/2018:12:42:22:281 +0000] "GET /.name=zx HTTP/1.1" 502 327  2045
0:0:0:0:0:0:0:1 - - [12/七月/2018:12:42:24:366 +0000] "GET /favicon.ico HTTP/1.1" 502 0  2002
0:0:0:0:0:0:0:1 - - [12/七月/2018:12:46:12:837 +0000] "GET /?name=zx HTTP/1.1" 502 319  2010
0:0:0:0:0:0:0:1 - - [12/七月/2018:12:46:14:931 +0000] "GET /favicon.ico HTTP/1.1" 502 0  1999
